{
  "RSpec": {
    "coverage": {
      "/home/pattystacruz-20262/code/labs/tic-tac-toe-rb-ruby-intro-kwk/lib/tic_tac_toe.rb": [
        1,
        24,
        null,
        null,
        null,
        null,
        1,
        23,
        null,
        null,
        1,
        22,
        null,
        null,
        1,
        25,
        22,
        null,
        3,
        null,
        null,
        1,
        23,
        21,
        20,
        null,
        null,
        2,
        null,
        null,
        null,
        1,
        22,
        22,
        198,
        31,
        null,
        null,
        22,
        null,
        1,
        21,
        null,
        null,
        1,
        20,
        null,
        20,
        20,
        null,
        20,
        null,
        20,
        19,
        19,
        null,
        1,
        1,
        null,
        null,
        null,
        1,
        null,
        null,
        null,
        null,
        null,
        null,
        null,
        null,
        null,
        null,
        1,
        null,
        null,
        null,
        68,
        501,
        501,
        501,
        null,
        501,
        9,
        492,
        2,
        null,
        null,
        57,
        null,
        null,
        1,
        185,
        null,
        null,
        1,
        19,
        16,
        null,
        3,
        null,
        null,
        null,
        1,
        16,
        null,
        null,
        1,
        7,
        33,
        33,
        33,
        null,
        33,
        4,
        29,
        2,
        null,
        null,
        null,
        null,
        null,
        1,
        12,
        17,
        null,
        null,
        12,
        5,
        5,
        7,
        3,
        null,
        null
      ]
    },
    "timestamp": 1471060053
  }
}
